============================================================
Time  2015/11/26 00:39:24 613 
============================================================
[2015/11/26 00:39:24 614] isr        1527 isr loaded!  
[2015/11/26 00:39:24 614] isr        1510 SYS_MSG_REGCB param0 =   msp_status_cb  param1 =   func(8017310) 
[2015/11/26 00:39:24 614] isr        1411 ASR_MSG_SSB  
[2015/11/26 00:39:24 614] isr        987  session_begin() [in], params:   sub = asr, result_type = plain, result_encoding = utf8  6ce9ef8514405e1319e5d6c24fd3029c  
[2015/11/26 00:39:24 615] isr        849  vad_set [in]  
[2015/11/26 00:39:24 615] isr        884  vad_enable :  true  
[2015/11/26 00:39:24 615] isr        902  vad_bos :  10000  
[2015/11/26 00:39:24 615] isr        903  vad_eos :  2000  
[2015/11/26 00:39:24 615] isr        808  enable_vad [in]  
[2015/11/26 00:39:24 621] isr        840  vad enabled!  2000  10000  
[2015/11/26 00:39:24 621] isr        843  enable_vad [out]  
[2015/11/26 00:39:24 621] isr        909  vad_set [out] | ret =  0  
[2015/11/26 00:39:24 621] isr        1093 cur_engine_type =   cloud  
[2015/11/26 00:39:24 621] isr        929  cloud_session_begin  
[2015/11/26 00:39:24 621] isr        941  standard  
[2015/11/26 00:39:24 638] isr        1421 ASR_MSG_AUW,   cloud  
[2015/11/26 00:39:24 638] isr        1432 6400  1  
[2015/11/26 00:39:24 639] isr        1436 once_bytes:   6400  
[2015/11/26 00:39:24 646] isr        756  [aud] speech start  
[2015/11/28 18:05:21 374] isr        1421 ASR_MSG_AUW,   cloud  
[2015/11/28 18:05:21 374] isr        1432 6400  2  
[2015/11/28 18:05:21 574] isr        1421 ASR_MSG_AUW,   cloud  
[2015/11/28 18:05:21 574] isr        1432 6400  2  
[2015/11/28 18:05:21 777] isr        1421 ASR_MSG_AUW,   cloud  
[2015/11/28 18:05:21 777] isr        1432 6400  2  
[2015/11/28 18:05:21 977] isr        1421 ASR_MSG_AUW,   cloud  
[2015/11/28 18:05:21 978] isr        1432 6400  2  
[2015/11/28 18:05:22 179] isr        1421 ASR_MSG_AUW,   cloud  
[2015/11/28 18:05:22 179] isr        1432 6400  2  
[2015/11/28 18:05:22 380] isr        1421 ASR_MSG_AUW,   cloud  
[2015/11/28 18:05:22 380] isr        1432 6400  2  
[2015/11/28 18:05:22 459] isr        635  cloud_status_cb, eps:  1  
[2015/11/28 18:05:22 582] isr        1421 ASR_MSG_AUW,   cloud  
[2015/11/28 18:05:22 582] isr        1432 6400  2  
[2015/11/28 18:05:22 784] isr        1421 ASR_MSG_AUW,   cloud  
[2015/11/28 18:05:22 784] isr        1432 6400  2  
[2015/11/28 18:05:22 985] isr        1421 ASR_MSG_AUW,   cloud  
[2015/11/28 18:05:22 985] isr        1432 6400  2  
[2015/11/28 18:05:23 186] isr        1421 ASR_MSG_AUW,   cloud  
[2015/11/28 18:05:23 186] isr        1432 6400  2  
[2015/11/28 18:05:23 388] isr        1421 ASR_MSG_AUW,   cloud  
[2015/11/28 18:05:23 388] isr        1432 6400  2  
[2015/11/28 18:05:23 590] isr        1421 ASR_MSG_AUW,   cloud  
[2015/11/28 18:05:23 590] isr        1432 6400  2  
[2015/11/28 18:05:23 791] isr        1421 ASR_MSG_AUW,   cloud  
[2015/11/28 18:05:23 791] isr        1432 6400  2  
[2015/11/28 18:05:23 992] isr        1421 ASR_MSG_AUW,   cloud  
[2015/11/28 18:05:23 993] isr        1432 6400  2  
[2015/11/28 18:05:24 193] isr        1421 ASR_MSG_AUW,   cloud  
[2015/11/28 18:05:24 194] isr        1432 6400  2  
[2015/11/28 18:05:24 395] isr        1421 ASR_MSG_AUW,   cloud  
[2015/11/28 18:05:24 395] isr        1432 6400  2  
[2015/11/28 18:05:24 596] isr        1421 ASR_MSG_AUW,   cloud  
[2015/11/28 18:05:24 596] isr        1432 6400  2  
[2015/11/28 18:05:24 797] isr        1421 ASR_MSG_AUW,   cloud  
[2015/11/28 18:05:24 797] isr        1432 6400  2  
[2015/11/28 18:05:24 998] isr        1421 ASR_MSG_AUW,   cloud  
[2015/11/28 18:05:24 999] isr        1432 6400  2  
[2015/11/28 18:05:25 199] isr        1421 ASR_MSG_AUW,   cloud  
[2015/11/28 18:05:25 200] isr        1432 11442  2  
[2015/11/28 18:05:25 401] isr        1421 ASR_MSG_AUW,   cloud  
[2015/11/28 18:05:25 401] isr        1432 0  4  
[2015/11/28 18:05:25 401] isr        1465 aud end, USER  
[2015/11/28 18:05:25 401] isr        1504 ASR_MSG_GRSLT,   cloud  
[2015/11/28 18:05:25 402] isr        1238 0  nil  2  
[2015/11/28 18:05:25 404] isr        766  [aud] speech end  
[2015/11/28 18:05:25 464] isr        635  cloud_status_cb, eps:  1  
[2015/11/28 18:05:25 554] isr        1504 ASR_MSG_GRSLT,   cloud  
[2015/11/28 18:05:25 555] isr        1238 0  nil  2  
[2015/11/28 18:05:25 706] isr        1504 ASR_MSG_GRSLT,   cloud  
[2015/11/28 18:05:25 706] isr        1238 0  nil  2  
[2015/11/28 18:05:25 858] isr        1504 ASR_MSG_GRSLT,   cloud  
[2015/11/28 18:05:25 858] isr        1238 0  nil  2  
[2015/11/28 18:05:26 009] isr        1504 ASR_MSG_GRSLT,   cloud  
[2015/11/28 18:05:26 009] isr        1238 0  nil  2  
[2015/11/28 18:05:26 047] isr        628  cloud_status_cb, rcs:  0  
[2015/11/28 18:05:26 052] isr        590  cloud_rslt_cb status =   5  
[2015/11/28 18:05:26 053] isr        569  process_result call:  cloud  udata(800cfb8) 5  nil  
[2015/11/28 18:05:26 055] isr        628  cloud_status_cb, rcs:  0  
[2015/11/28 18:05:26 161] isr        1504 ASR_MSG_GRSLT,   cloud  
[2015/11/28 18:05:26 161] isr        1238 0  udata(800cfb8) 5  
[2015/11/28 18:05:26 315] isr        1507 ASR_MSG_SSE,   cloud  
[2015/11/28 18:05:26 316] isr        1257 session_end() [in]  
[2015/11/28 18:05:26 318] isr        1319 cloud_session_end() [in]  
[2015/11/28 18:05:26 322] isr        1388 cloud_session_end() [out]  
[2015/11/28 18:05:26 324] isr        1535 isr unload!  
============================================================
Time  2015/11/26 00:39:57 713 
============================================================
[2015/11/26 00:39:57 713] isr        1527 isr loaded!  
[2015/11/26 00:39:57 714] isr        1510 SYS_MSG_REGCB param0 =   msp_status_cb  param1 =   func(e807da40) 
[2015/11/26 00:39:57 714] isr        1411 ASR_MSG_SSB  
[2015/11/26 00:39:57 714] isr        987  session_begin() [in], params:   sub = asr, result_type = plain, result_encoding = utf8  f417bea3c4574b5685cb8bd719a838b4  
[2015/11/26 00:39:57 714] isr        849  vad_set [in]  
[2015/11/26 00:39:57 714] isr        884  vad_enable :  true  
[2015/11/26 00:39:57 715] isr        902  vad_bos :  10000  
[2015/11/26 00:39:57 715] isr        903  vad_eos :  2000  
[2015/11/26 00:39:57 715] isr        808  enable_vad [in]  
[2015/11/26 00:39:57 716] isr        840  vad enabled!  2000  10000  
[2015/11/26 00:39:57 717] isr        843  enable_vad [out]  
[2015/11/26 00:39:57 717] isr        909  vad_set [out] | ret =  0  
[2015/11/26 00:39:57 717] isr        1093 cur_engine_type =   cloud  
[2015/11/26 00:39:57 717] isr        929  cloud_session_begin  
[2015/11/26 00:39:57 717] isr        941  standard  
[2015/11/26 00:39:57 723] isr        1421 ASR_MSG_AUW,   cloud  
[2015/11/26 00:39:57 723] isr        1432 6400  1  
[2015/11/26 00:39:57 723] isr        1436 once_bytes:   6400  
[2015/11/26 00:39:57 730] isr        756  [aud] speech start  
[2015/11/26 00:39:57 924] isr        1421 ASR_MSG_AUW,   cloud  
[2015/11/26 00:39:57 924] isr        1432 6400  2  
[2015/11/26 00:39:58 124] isr        1421 ASR_MSG_AUW,   cloud  
[2015/11/26 00:39:58 124] isr        1432 6400  2  
[2015/11/26 00:39:58 325] isr        1421 ASR_MSG_AUW,   cloud  
[2015/11/26 00:39:58 325] isr        1432 6400  2  
[2015/11/26 00:39:58 526] isr        1421 ASR_MSG_AUW,   cloud  
[2015/11/26 00:39:58 526] isr        1432 6400  2  
[2015/11/28 18:05:55 399] isr        1421 ASR_MSG_AUW,   cloud  
[2015/11/28 18:05:55 399] isr        1432 6400  2  
[2015/11/28 18:05:55 600] isr        1421 ASR_MSG_AUW,   cloud  
[2015/11/28 18:05:55 601] isr        1432 6400  2  
[2015/11/28 18:05:55 802] isr        1421 ASR_MSG_AUW,   cloud  
[2015/11/28 18:05:55 802] isr        1432 6400  2  
[2015/11/28 18:05:55 858] isr        635  cloud_status_cb, eps:  1  
[2015/11/28 18:05:56 003] isr        1421 ASR_MSG_AUW,   cloud  
[2015/11/28 18:05:56 003] isr        1432 6400  2  
[2015/11/28 18:05:56 204] isr        1421 ASR_MSG_AUW,   cloud  
[2015/11/28 18:05:56 204] isr        1432 6400  2  
[2015/11/28 18:05:56 406] isr        1421 ASR_MSG_AUW,   cloud  
[2015/11/28 18:05:56 406] isr        1432 6400  2  
[2015/11/28 18:05:56 606] isr        1421 ASR_MSG_AUW,   cloud  
[2015/11/28 18:05:56 606] isr        1432 6400  2  
[2015/11/28 18:05:56 807] isr        1421 ASR_MSG_AUW,   cloud  
[2015/11/28 18:05:56 807] isr        1432 6400  2  
[2015/11/28 18:05:57 008] isr        1421 ASR_MSG_AUW,   cloud  
[2015/11/28 18:05:57 009] isr        1432 6400  2  
[2015/11/28 18:05:57 209] isr        1421 ASR_MSG_AUW,   cloud  
[2015/11/28 18:05:57 209] isr        1432 6400  2  
[2015/11/28 18:05:57 410] isr        1421 ASR_MSG_AUW,   cloud  
[2015/11/28 18:05:57 410] isr        1432 6400  2  
[2015/11/28 18:05:57 611] isr        1421 ASR_MSG_AUW,   cloud  
[2015/11/28 18:05:57 611] isr        1432 6400  2  
[2015/11/28 18:05:57 812] isr        1421 ASR_MSG_AUW,   cloud  
[2015/11/28 18:05:57 812] isr        1432 6400  2  
[2015/11/28 18:05:58 013] isr        1421 ASR_MSG_AUW,   cloud  
[2015/11/28 18:05:58 013] isr        1432 6400  2  
[2015/11/28 18:05:58 214] isr        1421 ASR_MSG_AUW,   cloud  
[2015/11/28 18:05:58 214] isr        1432 6400  2  
[2015/11/28 18:05:58 415] isr        1421 ASR_MSG_AUW,   cloud  
[2015/11/28 18:05:58 415] isr        1432 11442  2  
[2015/11/28 18:05:58 617] isr        1421 ASR_MSG_AUW,   cloud  
[2015/11/28 18:05:58 617] isr        1432 0  4  
[2015/11/28 18:05:58 617] isr        1465 aud end, USER  
[2015/11/28 18:05:58 618] isr        1504 ASR_MSG_GRSLT,   cloud  
[2015/11/28 18:05:58 618] isr        1238 0  nil  2  
[2015/11/28 18:05:58 620] isr        766  [aud] speech end  
[2015/11/28 18:05:58 654] isr        635  cloud_status_cb, eps:  1  
[2015/11/28 18:05:58 772] isr        1504 ASR_MSG_GRSLT,   cloud  
[2015/11/28 18:05:58 772] isr        1238 0  nil  2  
[2015/11/28 18:05:58 923] isr        1504 ASR_MSG_GRSLT,   cloud  
[2015/11/28 18:05:58 923] isr        1238 0  nil  2  
[2015/11/28 18:05:59 075] isr        1504 ASR_MSG_GRSLT,   cloud  
[2015/11/28 18:05:59 075] isr        1238 0  nil  2  
[2015/11/28 18:05:59 226] isr        1504 ASR_MSG_GRSLT,   cloud  
[2015/11/28 18:05:59 226] isr        1238 0  nil  2  
[2015/11/28 18:05:59 378] isr        1504 ASR_MSG_GRSLT,   cloud  
[2015/11/28 18:05:59 378] isr        1238 0  nil  2  
[2015/11/28 18:05:59 530] isr        1504 ASR_MSG_GRSLT,   cloud  
[2015/11/28 18:05:59 530] isr        1238 0  nil  2  
[2015/11/28 18:05:59 681] isr        1504 ASR_MSG_GRSLT,   cloud  
[2015/11/28 18:05:59 681] isr        1238 0  nil  2  
[2015/11/28 18:05:59 707] isr        628  cloud_status_cb, rcs:  0  
[2015/11/28 18:05:59 711] isr        590  cloud_rslt_cb status =   5  
[2015/11/28 18:05:59 711] isr        569  process_result call:  cloud  udata(e82c8c58) 5  nil  
[2015/11/28 18:05:59 713] isr        628  cloud_status_cb, rcs:  0  
[2015/11/28 18:05:59 832] isr        1504 ASR_MSG_GRSLT,   cloud  
[2015/11/28 18:05:59 832] isr        1238 0  udata(e82c8c58) 5  
[2015/11/28 18:05:59 992] isr        1507 ASR_MSG_SSE,   cloud  
[2015/11/28 18:05:59 992] isr        1257 session_end() [in]  
[2015/11/28 18:05:59 992] isr        1319 cloud_session_end() [in]  
[2015/11/28 18:05:59 996] isr        1388 cloud_session_end() [out]  
[2015/11/28 18:05:59 997] isr        1535 isr unload!  
============================================================
Time  2015/11/26 00:40:23 124 
============================================================
[2015/11/26 00:40:23 124] isr        1527 isr loaded!  
[2015/11/26 00:40:23 125] isr        1510 SYS_MSG_REGCB param0 =   msp_status_cb  param1 =   func(6807da80) 
[2015/11/26 00:40:23 125] isr        1411 ASR_MSG_SSB  
[2015/11/26 00:40:23 125] isr        987  session_begin() [in], params:   sub = asr, result_type = plain, result_encoding = utf8  79998fee669b14f5559edaf2aadb6dfe  
[2015/11/26 00:40:23 126] isr        849  vad_set [in]  
[2015/11/26 00:40:23 126] isr        884  vad_enable :  true  
[2015/11/26 00:40:23 126] isr        902  vad_bos :  10000  
[2015/11/26 00:40:23 126] isr        903  vad_eos :  2000  
[2015/11/26 00:40:23 127] isr        808  enable_vad [in]  
[2015/11/26 00:40:23 129] isr        840  vad enabled!  2000  10000  
[2015/11/26 00:40:23 129] isr        843  enable_vad [out]  
[2015/11/26 00:40:23 130] isr        909  vad_set [out] | ret =  0  
[2015/11/26 00:40:23 130] isr        1093 cur_engine_type =   cloud  
[2015/11/26 00:40:23 130] isr        929  cloud_session_begin  
[2015/11/26 00:40:23 131] isr        941  standard  
[2015/11/26 00:40:23 141] isr        1421 ASR_MSG_AUW,   cloud  
[2015/11/26 00:40:23 141] isr        1432 6400  1  
[2015/11/26 00:40:23 141] isr        1436 once_bytes:   6400  
[2015/11/26 00:40:23 156] isr        756  [aud] speech start  
[2015/11/26 00:40:23 341] isr        1421 ASR_MSG_AUW,   cloud  
[2015/11/26 00:40:23 341] isr        1432 6400  2  
[2015/11/28 17:55:34 704] isr        1421 ASR_MSG_AUW,   cloud  
[2015/11/28 17:55:34 704] isr        1432 6400  2  
[2015/11/28 17:55:34 905] isr        1421 ASR_MSG_AUW,   cloud  
[2015/11/28 17:55:34 905] isr        1432 6400  2  
[2015/11/28 17:55:35 107] isr        1421 ASR_MSG_AUW,   cloud  
[2015/11/28 17:55:35 107] isr        1432 6400  2  
[2015/11/28 17:55:35 321] isr        1421 ASR_MSG_AUW,   cloud  
[2015/11/28 17:55:35 321] isr        1432 6400  2  
[2015/11/28 17:55:35 530] isr        1421 ASR_MSG_AUW,   cloud  
[2015/11/28 17:55:35 530] isr        1432 6400  2  
[2015/11/28 17:55:35 731] isr        1421 ASR_MSG_AUW,   cloud  
[2015/11/28 17:55:35 731] isr        1432 6400  2  
[2015/11/28 17:55:35 932] isr        1421 ASR_MSG_AUW,   cloud  
[2015/11/28 17:55:35 932] isr        1432 6400  2  
[2015/11/28 17:55:35 948] isr        635  cloud_status_cb, eps:  1  
[2015/11/28 17:55:36 133] isr        1421 ASR_MSG_AUW,   cloud  
[2015/11/28 17:55:36 134] isr        1432 6400  2  
[2015/11/28 17:55:36 335] isr        1421 ASR_MSG_AUW,   cloud  
[2015/11/28 17:55:36 335] isr        1432 6400  2  
[2015/11/28 17:55:36 536] isr        1421 ASR_MSG_AUW,   cloud  
[2015/11/28 17:55:36 536] isr        1432 6400  2  
[2015/11/28 17:55:36 738] isr        1421 ASR_MSG_AUW,   cloud  
[2015/11/28 17:55:36 738] isr        1432 6400  2  
[2015/11/28 17:55:36 939] isr        1421 ASR_MSG_AUW,   cloud  
[2015/11/28 17:55:36 939] isr        1432 6400  2  
[2015/11/28 17:55:37 141] isr        1421 ASR_MSG_AUW,   cloud  
[2015/11/28 17:55:37 141] isr        1432 6400  2  
[2015/11/28 17:55:37 341] isr        1421 ASR_MSG_AUW,   cloud  
[2015/11/28 17:55:37 341] isr        1432 6400  2  
[2015/11/28 17:55:37 543] isr        1421 ASR_MSG_AUW,   cloud  
[2015/11/28 17:55:37 543] isr        1432 6400  2  
[2015/11/28 17:55:37 744] isr        1421 ASR_MSG_AUW,   cloud  
[2015/11/28 17:55:37 744] isr        1432 6400  2  
[2015/11/28 17:55:37 945] isr        1421 ASR_MSG_AUW,   cloud  
[2015/11/28 17:55:37 945] isr        1432 6400  2  
[2015/11/28 17:55:38 147] isr        1421 ASR_MSG_AUW,   cloud  
[2015/11/28 17:55:38 147] isr        1432 6400  2  
[2015/11/28 17:55:38 348] isr        1421 ASR_MSG_AUW,   cloud  
[2015/11/28 17:55:38 348] isr        1432 11442  2  
[2015/11/28 17:55:38 550] isr        1421 ASR_MSG_AUW,   cloud  
[2015/11/28 17:55:38 551] isr        1432 0  4  
[2015/11/28 17:55:38 551] isr        1465 aud end, USER  
[2015/11/28 17:55:38 552] isr        1504 ASR_MSG_GRSLT,   cloud  
[2015/11/28 17:55:38 552] isr        1238 0  nil  2  
[2015/11/28 17:55:38 554] isr        766  [aud] speech end  
[2015/11/28 17:55:38 706] isr        1504 ASR_MSG_GRSLT,   cloud  
[2015/11/28 17:55:38 706] isr        1238 0  nil  2  
[2015/11/28 17:55:38 716] isr        635  cloud_status_cb, eps:  1  
[2015/11/28 17:55:38 857] isr        1504 ASR_MSG_GRSLT,   cloud  
[2015/11/28 17:55:38 857] isr        1238 0  nil  2  
[2015/11/28 17:55:39 009] isr        1504 ASR_MSG_GRSLT,   cloud  
[2015/11/28 17:55:39 009] isr        1238 0  nil  2  
[2015/11/28 17:55:39 161] isr        1504 ASR_MSG_GRSLT,   cloud  
[2015/11/28 17:55:39 161] isr        1238 0  nil  2  
[2015/11/28 17:55:39 313] isr        1504 ASR_MSG_GRSLT,   cloud  
[2015/11/28 17:55:39 313] isr        1238 0  nil  2  
[2015/11/28 17:55:39 464] isr        1504 ASR_MSG_GRSLT,   cloud  
[2015/11/28 17:55:39 464] isr        1238 0  nil  2  
[2015/11/28 17:55:39 617] isr        1504 ASR_MSG_GRSLT,   cloud  
[2015/11/28 17:55:39 617] isr        1238 0  nil  2  
[2015/11/28 17:55:39 643] isr        628  cloud_status_cb, rcs:  0  
[2015/11/28 17:55:39 646] isr        590  cloud_rslt_cb status =   5  
[2015/11/28 17:55:39 646] isr        569  process_result call:  cloud  udata(682cd6d8) 5  nil  
[2015/11/28 17:55:39 648] isr        628  cloud_status_cb, rcs:  0  
[2015/11/28 17:55:39 776] isr        1504 ASR_MSG_GRSLT,   cloud  
[2015/11/28 17:55:39 776] isr        1238 0  udata(682cd6d8) 5  
[2015/11/28 17:55:39 928] isr        1507 ASR_MSG_SSE,   cloud  
[2015/11/28 17:55:39 928] isr        1257 session_end() [in]  
[2015/11/28 17:55:39 928] isr        1319 cloud_session_end() [in]  
[2015/11/28 17:55:39 933] isr        1388 cloud_session_end() [out]  
[2015/11/28 17:55:39 934] isr        1535 isr unload!  
============================================================
Time  2015/11/26 00:41:45 838 
============================================================
[2015/11/26 00:41:45 838] isr        1527 isr loaded!  
[2015/11/26 00:41:45 838] isr        1510 SYS_MSG_REGCB param0 =   msp_status_cb  param1 =   func(700561b0) 
[2015/11/26 00:41:45 839] isr        1411 ASR_MSG_SSB  
[2015/11/26 00:41:45 839] isr        987  session_begin() [in], params:   sub = asr, result_type = plain, result_encoding = utf8  a87de72579e213c8547cd0b071e5b9b7  
[2015/11/26 00:41:45 839] isr        849  vad_set [in]  
[2015/11/26 00:41:45 839] isr        884  vad_enable :  true  
[2015/11/26 00:41:45 839] isr        902  vad_bos :  10000  
[2015/11/26 00:41:45 839] isr        903  vad_eos :  2000  
[2015/11/26 00:41:45 839] isr        808  enable_vad [in]  
[2015/11/26 00:41:45 842] isr        840  vad enabled!  2000  10000  
[2015/11/26 00:41:45 842] isr        843  enable_vad [out]  
[2015/11/26 00:41:45 842] isr        909  vad_set [out] | ret =  0  
[2015/11/26 00:41:45 842] isr        1093 cur_engine_type =   cloud  
[2015/11/26 00:41:45 842] isr        929  cloud_session_begin  
[2015/11/26 00:41:45 842] isr        941  standard  
[2015/11/26 00:41:45 849] isr        1421 ASR_MSG_AUW,   cloud  
[2015/11/26 00:41:45 850] isr        1432 6400  1  
[2015/11/26 00:41:45 850] isr        1436 once_bytes:   6400  
[2015/11/26 00:41:45 858] isr        756  [aud] speech start  
[2015/11/28 17:56:57 163] isr        1421 ASR_MSG_AUW,   cloud  
[2015/11/28 17:56:57 163] isr        1432 6400  2  
[2015/11/28 17:56:57 364] isr        1421 ASR_MSG_AUW,   cloud  
[2015/11/28 17:56:57 364] isr        1432 6400  2  
[2015/11/28 17:56:57 565] isr        1421 ASR_MSG_AUW,   cloud  
[2015/11/28 17:56:57 565] isr        1432 6400  2  
[2015/11/28 17:56:57 766] isr        1421 ASR_MSG_AUW,   cloud  
[2015/11/28 17:56:57 766] isr        1432 6400  2  
[2015/11/28 17:56:57 967] isr        1421 ASR_MSG_AUW,   cloud  
[2015/11/28 17:56:57 967] isr        1432 6400  2  
[2015/11/28 17:56:58 168] isr        1421 ASR_MSG_AUW,   cloud  
[2015/11/28 17:56:58 168] isr        1432 6400  2  
[2015/11/28 17:56:58 304] isr        635  cloud_status_cb, eps:  1  
[2015/11/28 17:56:58 368] isr        1421 ASR_MSG_AUW,   cloud  
[2015/11/28 17:56:58 369] isr        1432 6400  2  
[2015/11/28 17:56:58 570] isr        1421 ASR_MSG_AUW,   cloud  
[2015/11/28 17:56:58 570] isr        1432 6400  2  
[2015/11/28 17:56:58 771] isr        1421 ASR_MSG_AUW,   cloud  
[2015/11/28 17:56:58 771] isr        1432 6400  2  
[2015/11/28 17:56:58 973] isr        1421 ASR_MSG_AUW,   cloud  
[2015/11/28 17:56:58 973] isr        1432 6400  2  
[2015/11/28 17:56:59 174] isr        1421 ASR_MSG_AUW,   cloud  
[2015/11/28 17:56:59 174] isr        1432 6400  2  
[2015/11/28 17:56:59 375] isr        1421 ASR_MSG_AUW,   cloud  
[2015/11/28 17:56:59 376] isr        1432 6400  2  
[2015/11/28 17:56:59 577] isr        1421 ASR_MSG_AUW,   cloud  
[2015/11/28 17:56:59 577] isr        1432 6400  2  
[2015/11/28 17:56:59 777] isr        1421 ASR_MSG_AUW,   cloud  
[2015/11/28 17:56:59 778] isr        1432 6400  2  
[2015/11/28 17:56:59 978] isr        1421 ASR_MSG_AUW,   cloud  
[2015/11/28 17:56:59 979] isr        1432 6400  2  
[2015/11/28 17:57:00 180] isr        1421 ASR_MSG_AUW,   cloud  
[2015/11/28 17:57:00 180] isr        1432 6400  2  
[2015/11/28 17:57:00 381] isr        1421 ASR_MSG_AUW,   cloud  
[2015/11/28 17:57:00 381] isr        1432 6400  2  
[2015/11/28 17:57:00 582] isr        1421 ASR_MSG_AUW,   cloud  
[2015/11/28 17:57:00 582] isr        1432 6400  2  
[2015/11/28 17:57:00 783] isr        1421 ASR_MSG_AUW,   cloud  
[2015/11/28 17:57:00 783] isr        1432 6400  2  
[2015/11/28 17:57:00 983] isr        1421 ASR_MSG_AUW,   cloud  
[2015/11/28 17:57:00 983] isr        1432 11442  2  
[2015/11/28 17:57:01 185] isr        1421 ASR_MSG_AUW,   cloud  
[2015/11/28 17:57:01 185] isr        1432 0  4  
[2015/11/28 17:57:01 185] isr        1465 aud end, USER  
[2015/11/28 17:57:01 186] isr        1504 ASR_MSG_GRSLT,   cloud  
[2015/11/28 17:57:01 186] isr        1238 0  nil  2  
[2015/11/28 17:57:01 189] isr        766  [aud] speech end  
[2015/11/28 17:57:01 280] isr        635  cloud_status_cb, eps:  1  
[2015/11/28 17:57:01 339] isr        1504 ASR_MSG_GRSLT,   cloud  
[2015/11/28 17:57:01 339] isr        1238 0  nil  2  
[2015/11/28 17:57:01 491] isr        1504 ASR_MSG_GRSLT,   cloud  
[2015/11/28 17:57:01 491] isr        1238 0  nil  2  
[2015/11/28 17:57:01 643] isr        1504 ASR_MSG_GRSLT,   cloud  
[2015/11/28 17:57:01 643] isr        1238 0  nil  2  
[2015/11/28 17:57:01 794] isr        1504 ASR_MSG_GRSLT,   cloud  
[2015/11/28 17:57:01 799] isr        1238 0  nil  2  
[2015/11/28 17:57:01 950] isr        1504 ASR_MSG_GRSLT,   cloud  
[2015/11/28 17:57:01 950] isr        1238 0  nil  2  
[2015/11/28 17:57:02 102] isr        1504 ASR_MSG_GRSLT,   cloud  
[2015/11/28 17:57:02 102] isr        1238 0  nil  2  
[2015/11/28 17:57:02 191] isr        628  cloud_status_cb, rcs:  0  
[2015/11/28 17:57:02 192] isr        590  cloud_rslt_cb status =   5  
[2015/11/28 17:57:02 192] isr        569  process_result call:  cloud  udata(70052238) 5  nil  
[2015/11/28 17:57:02 193] isr        628  cloud_status_cb, rcs:  0  
[2015/11/28 17:57:02 254] isr        1504 ASR_MSG_GRSLT,   cloud  
[2015/11/28 17:57:02 254] isr        1238 0  udata(70052238) 5  
[2015/11/28 17:57:02 420] isr        1507 ASR_MSG_SSE,   cloud  
[2015/11/28 17:57:02 420] isr        1257 session_end() [in]  
[2015/11/28 17:57:02 420] isr        1319 cloud_session_end() [in]  
[2015/11/28 17:57:02 425] isr        1388 cloud_session_end() [out]  
[2015/11/28 17:57:02 426] isr        1535 isr unload!  
============================================================
Time  2015/11/26 00:43:29 482 
============================================================
[2015/11/26 00:43:29 482] isr        1527 isr loaded!  
[2015/11/26 00:43:29 482] isr        1510 SYS_MSG_REGCB param0 =   msp_status_cb  param1 =   func(88023740) 
[2015/11/26 00:43:29 483] isr        1411 ASR_MSG_SSB  
[2015/11/26 00:43:29 483] isr        987  session_begin() [in], params:   sub = iat, domain = iat, language = zh_ch, accent = mandarin, sample_rate = 16000, result_type = plain, result_encoding = utf8  nil  
[2015/11/26 00:43:29 483] isr        849  vad_set [in]  
[2015/11/26 00:43:29 483] isr        884  vad_enable :  true  
[2015/11/26 00:43:29 483] isr        902  vad_bos :  10000  
[2015/11/26 00:43:29 483] isr        903  vad_eos :  2000  
[2015/11/26 00:43:29 483] isr        808  enable_vad [in]  
[2015/11/26 00:43:29 483] isr        840  vad enabled!  2000  10000  
[2015/11/26 00:43:29 483] isr        843  enable_vad [out]  
[2015/11/26 00:43:29 483] isr        909  vad_set [out] | ret =  0  
[2015/11/26 00:43:29 484] isr        1093 cur_engine_type =   cloud  
[2015/11/26 00:43:29 484] isr        929  cloud_session_begin  
[2015/11/26 00:43:29 484] isr        941  standard  
[2015/11/26 00:43:29 486] isr        1421 ASR_MSG_AUW,   cloud  
[2015/11/26 00:43:29 486] isr        1432 6400  1  
[2015/11/26 00:43:29 486] isr        1436 once_bytes:   6400  
[2015/11/26 00:43:29 492] isr        756  [aud] speech start  
[2015/11/26 00:43:29 687] isr        1421 ASR_MSG_AUW,   cloud  
[2015/11/26 00:43:29 687] isr        1432 6400  2  
[2015/11/28 17:58:41 045] isr        1421 ASR_MSG_AUW,   cloud  
[2015/11/28 17:58:41 046] isr        1432 6400  2  
[2015/11/28 17:58:41 059] isr        628  cloud_status_cb, rcs:  2  
[2015/11/28 17:58:41 066] isr        635  cloud_status_cb, eps:  1  
[2015/11/28 17:58:41 132] isr        628  cloud_status_cb, rcs:  2  
[2015/11/28 17:58:41 245] isr        1421 ASR_MSG_AUW,   cloud  
[2015/11/28 17:58:41 245] isr        1432 6400  2  
[2015/11/28 17:58:41 446] isr        1421 ASR_MSG_AUW,   cloud  
[2015/11/28 17:58:41 447] isr        1432 6400  2  
[2015/11/28 17:58:41 593] isr        628  cloud_status_cb, rcs:  2  
[2015/11/28 17:58:41 647] isr        1421 ASR_MSG_AUW,   cloud  
[2015/11/28 17:58:41 647] isr        1432 6400  2  
[2015/11/28 17:58:41 848] isr        1421 ASR_MSG_AUW,   cloud  
[2015/11/28 17:58:41 849] isr        1432 6400  2  
[2015/11/28 17:58:41 877] isr        628  cloud_status_cb, rcs:  2  
[2015/11/28 17:58:42 049] isr        1421 ASR_MSG_AUW,   cloud  
[2015/11/28 17:58:42 049] isr        1432 6400  2  
[2015/11/28 17:58:42 194] isr        628  cloud_status_cb, rcs:  2  
[2015/11/28 17:58:42 206] isr        628  cloud_status_cb, rcs:  2  
[2015/11/28 17:58:42 250] isr        1421 ASR_MSG_AUW,   cloud  
[2015/11/28 17:58:42 251] isr        1432 6400  2  
[2015/11/28 17:58:42 451] isr        1421 ASR_MSG_AUW,   cloud  
[2015/11/28 17:58:42 452] isr        1432 6400  2  
[2015/11/28 17:58:42 512] isr        628  cloud_status_cb, rcs:  2  
[2015/11/28 17:58:42 653] isr        1421 ASR_MSG_AUW,   cloud  
[2015/11/28 17:58:42 660] isr        1432 6400  2  
[2015/11/28 17:58:42 809] isr        628  cloud_status_cb, rcs:  2  
[2015/11/28 17:58:42 811] isr        628  cloud_status_cb, rcs:  2  
[2015/11/28 17:58:42 854] isr        1421 ASR_MSG_AUW,   cloud  
[2015/11/28 17:58:42 854] isr        1432 6400  2  
[2015/11/28 17:58:42 980] isr        628  cloud_status_cb, rcs:  2  
[2015/11/28 17:58:43 026] isr        628  cloud_status_cb, rcs:  2  
[2015/11/28 17:58:43 056] isr        1421 ASR_MSG_AUW,   cloud  
[2015/11/28 17:58:43 056] isr        1432 6400  2  
[2015/11/28 17:58:43 169] isr        628  cloud_status_cb, rcs:  2  
[2015/11/28 17:58:43 256] isr        1421 ASR_MSG_AUW,   cloud  
[2015/11/28 17:58:43 257] isr        1432 6400  2  
[2015/11/28 17:58:43 459] isr        1421 ASR_MSG_AUW,   cloud  
[2015/11/28 17:58:43 459] isr        1432 6400  2  
[2015/11/28 17:58:43 551] isr        628  cloud_status_cb, rcs:  2  
[2015/11/28 17:58:43 661] isr        1421 ASR_MSG_AUW,   cloud  
[2015/11/28 17:58:43 661] isr        1432 6400  2  
[2015/11/28 17:58:43 846] isr        628  cloud_status_cb, rcs:  2  
[2015/11/28 17:58:43 862] isr        1421 ASR_MSG_AUW,   cloud  
[2015/11/28 17:58:43 862] isr        1432 6400  2  
[2015/11/28 17:58:44 063] isr        1421 ASR_MSG_AUW,   cloud  
[2015/11/28 17:58:44 063] isr        1432 6400  2  
[2015/11/28 17:58:44 195] isr        628  cloud_status_cb, rcs:  2  
[2015/11/28 17:58:44 265] isr        1421 ASR_MSG_AUW,   cloud  
[2015/11/28 17:58:44 265] isr        1432 6400  2  
[2015/11/28 17:58:44 371] isr        628  cloud_status_cb, rcs:  2  
[2015/11/28 17:58:44 384] isr        628  cloud_status_cb, rcs:  2  
[2015/11/28 17:58:44 467] isr        1421 ASR_MSG_AUW,   cloud  
[2015/11/28 17:58:44 467] isr        1432 6400  2  
[2015/11/28 17:58:44 668] isr        1421 ASR_MSG_AUW,   cloud  
[2015/11/28 17:58:44 668] isr        1432 6400  2  
[2015/11/28 17:58:44 736] isr        628  cloud_status_cb, rcs:  2  
[2015/11/28 17:58:44 869] isr        1421 ASR_MSG_AUW,   cloud  
[2015/11/28 17:58:44 869] isr        1432 6400  2  
[2015/11/28 17:58:45 027] isr        628  cloud_status_cb, rcs:  2  
[2015/11/28 17:58:45 039] isr        628  cloud_status_cb, rcs:  2  
[2015/11/28 17:58:45 070] isr        1421 ASR_MSG_AUW,   cloud  
[2015/11/28 17:58:45 071] isr        1432 7420  2  
[2015/11/28 17:58:45 272] isr        1421 ASR_MSG_AUW,   cloud  
[2015/11/28 17:58:45 272] isr        1432 0  4  
[2015/11/28 17:58:45 272] isr        1465 aud end, USER  
[2015/11/28 17:58:45 272] isr        1504 ASR_MSG_GRSLT,   cloud  
[2015/11/28 17:58:45 272] isr        1238 0  nil  2  
[2015/11/28 17:58:45 274] isr        766  [aud] speech end  
[2015/11/28 17:58:45 375] isr        628  cloud_status_cb, rcs:  0  
[2015/11/28 17:58:45 376] isr        635  cloud_status_cb, eps:  1  
[2015/11/28 17:58:45 379] isr        590  cloud_rslt_cb status =   0  
[2015/11/28 17:58:45 379] isr        569  process_result call:  cloud  udata(8802ec58) 0  nil  
[2015/11/28 17:58:45 424] isr        1504 ASR_MSG_GRSLT,   cloud  
[2015/11/28 17:58:45 424] isr        1238 0  udata(8802ec58) 0  
[2015/11/28 17:58:45 432] isr        628  cloud_status_cb, rcs:  2  
[2015/11/28 17:58:45 442] isr        628  cloud_status_cb, rcs:  2  
[2015/11/28 17:58:45 576] isr        1504 ASR_MSG_GRSLT,   cloud  
[2015/11/28 17:58:45 577] isr        1238 0  nil  2  
[2015/11/28 17:58:45 702] isr        628  cloud_status_cb, rcs:  2  
[2015/11/28 17:58:45 702] isr        635  cloud_status_cb, eps:  3  
[2015/11/28 17:58:45 703] isr        590  cloud_rslt_cb status =   5  
[2015/11/28 17:58:45 703] isr        569  process_result call:  cloud  udata(8802d1a8) 5  nil  
[2015/11/28 17:58:45 728] isr        1504 ASR_MSG_GRSLT,   cloud  
[2015/11/28 17:58:45 728] isr        1238 0  udata(8802d1a8) 5  
[2015/11/28 17:58:45 885] isr        1507 ASR_MSG_SSE,   cloud  
[2015/11/28 17:58:45 885] isr        1257 session_end() [in]  
[2015/11/28 17:58:45 885] isr        1319 cloud_session_end() [in]  
[2015/11/28 17:58:45 889] isr        1388 cloud_session_end() [out]  
[2015/11/28 17:58:45 891] isr        1535 isr unload!  
