============================================================
Time  2015/11/26 00:41:45 593 
============================================================
[2015/11/26 00:41:45 593] legacyuup  305  SYS_MSG_LOAD  
[2015/11/26 00:41:45 594] legacyuup  218  UUP_MSG_START  
[2015/11/26 00:41:45 594] legacyuup  220  legacyuup  legacyuup_1109d03  268436457  1442971637  
[2015/11/26 00:41:45 597] legacyuup  263  User set url is   nil  
[2015/11/26 00:41:45 597] transport  603  paramkvsport is   nil  
[2015/11/26 00:41:45 597] transport  611  ns_enable=  0  
[2015/11/26 00:41:45 597] transport  655  url.full=  nil  
[2015/11/26 00:41:45 597] transport  831  switch 80  
[2015/11/26 00:41:45 598] transport  838  net type:  standard  
[2015/11/26 00:41:45 598] transport  839  net operator:  def  
[2015/11/26 00:41:45 598] transport  840  use proxy:  false  
[2015/11/26 00:41:45 598] legacyuup  280  not login!  
[2015/11/26 00:41:45 708] legacyuup  294  UUP_MSG_LGI_RESULT  
[2015/11/26 00:41:45 708] legacyuup  174  [session] send uup request  
[2015/11/26 00:41:45 708] transport  1071 ns_enable =  0  
[2015/11/26 00:41:45 708] legacyuup  131  lver:  nil  
[2015/11/26 00:41:45 709] legacyuup  136  cfg_ver:  nil  
[2015/11/26 00:41:45 735] transport  155  [dns] [0] response 59.107.24.11  
[2015/11/26 00:41:45 735] transport  163  59  107  24  11  
[2015/11/26 00:41:45 735] transport  192  iplist not avail  
[2015/11/26 00:41:45 735] transport  251  no iplist now  
[2015/11/26 00:41:45 735] network    89   iptoenv ,  ipcache  dev.voicecloud.cn  def  59.107.24.11  
[2015/11/26 00:41:45 736] transport  1138 [soc] connect   59.107.24.11  80  
[2015/11/26 00:41:45 736] transport  1155 mspsoc.open,prot_type=  tcp  
[2015/11/26 00:41:45 771] transport  461  [soc] [0] connected  
[2015/11/26 00:41:45 771] transport  1191 build http request.  
[2015/11/26 00:41:45 772] transport  1291 POST /msp.do HTTP/1.1
Host: dev.voicecloud.cn
Content-Type: multipart/mixed;boundary=--
Content-Length: 921
User-Agent: iFLYCloud
Cache-Control: no-cache
Accept: */*

----
CL:84
CT:text/plain

ver=MSSP+0%2E9&sub=asr&cmd=uup&cver=5%2E0%2E16%2E1109&key=0c4G4KJ85svIyAH^owc7qnYw==
----
CL:280
CT:binary/userdata+abnf
CE:gzip,encrypt/0.2

  
[2015/11/26 00:41:45 773] transport  483  [soc] [0] send ok  1096  
[2015/11/26 00:41:45 827] transport  495  [soc] [0] readable  
[2015/11/26 00:41:45 827] transport  1563 HTTP/1.1 200 OK
Content-Type: text/plain
Content-Length: 151
X-Req-Date: 2015/11/28 17:56:56 913
Cache-Control: no-cache
CL: 151
X-Res-Date: 2015/11/28 17:56:56 915

ver=MSSP+0%2E9&ret=0&cver=5%2E0%2E16%2E1109&eid=a87de72579e213c8547cd0b071e5b9b7&key=0dXQ^lrxT9j5mFdZG0YkI0Hhq4weFxQl7iSgVhNHm3HfqcacJAk0EnHaBM5bKLtELf  
[2015/11/26 00:41:45 827] transport  1310 a_complete_httpmessage  200  
[2015/11/26 00:41:45 827] transport  1419 is_update  true  
[2015/11/26 00:41:45 827] legacyuup  50   [trans] [id = uuplegacyuup_1109d03] readable  
[2015/11/26 00:41:45 828] network    84   ipfromenv ,  ipcache  dev.voicecloud.cn  def  59.107.24.11  
[2015/11/26 00:41:45 829] transport  914  cached ip is confirmed  
[2015/11/26 00:41:45 829] transport  1170 [soc] disconnect   
[2015/11/26 00:41:45 829] legacyuup  60   uup ok!  
